#
# There is insufficient memory for the Java Runtime Environment to continue.
# Native memory allocation (malloc) failed to allocate 1048576 bytes. Error detail: AllocateHeap
# Possible reasons:
#   The system is out of physical RAM or swap space
#   This process is running with CompressedOops enabled, and the Java Heap may be blocking the growth of the native heap
# Possible solutions:
#   Reduce memory load on the system
#   Increase physical memory or swap space
#   Check if swap backing store is full
#   Decrease Java heap size (-Xmx/-Xms)
#   Decrease number of Java threads
#   Decrease Java thread stack sizes (-Xss)
#   Set larger code cache with -XX:ReservedCodeCacheSize=
#   JVM is running with Unscaled Compressed Oops mode in which the Java heap is
#     placed in the first 4GB address space. The Java Heap base address is the
#     maximum limit for the native heap growth. Please use -XX:HeapBaseMinAddress
#     to set the Java Heap base and to place the Java Heap above 4GB virtual address.
# This output file may be truncated or incomplete.
#
#  Out of Memory Error (allocation.cpp:44), pid=25788, tid=28488
#
# JRE version:  (21.0.10+7) (build )
# Java VM: OpenJDK 64-Bit Server VM (21.0.10+7-LTS, mixed mode, sharing, tiered, compressed oops, compressed class ptrs, parallel gc, windows-amd64)
# No core dump will be written. Minidumps are not enabled by default on client versions of Windows
#

---------------  S U M M A R Y ------------

Command Line: --add-modules=ALL-SYSTEM --add-opens=java.base/java.util=ALL-UNNAMED --add-opens=java.base/java.lang=ALL-UNNAMED --add-opens=java.base/sun.nio.fs=ALL-UNNAMED -Declipse.application=org.eclipse.jdt.ls.core.id1 -Dosgi.bundles.defaultStartLevel=4 -Declipse.product=org.eclipse.jdt.ls.core.product -Djava.import.generatesMetadataFilesAtProjectRoot=false -DDetectVMInstallationsJob.disabled=true -Dfile.encoding=utf8 -XX:+UseParallelGC -XX:GCTimeRatio=4 -XX:AdaptiveSizePolicyWeight=90 -Dsun.zip.disableMemoryMapping=true -Xmx2G -Xms100m -Xlog:disable -javaagent:c:\Users\Muluye\.vscode\extensions\redhat.java-1.54.0-win32-x64\lombok\lombok-1.18.39-4050.jar -XX:+HeapDumpOnOutOfMemoryError -XX:HeapDumpPath=c:\Users\Muluye\AppData\Roaming\Code\User\workspaceStorage\38303421cb79f784cbe837f3deaed696\redhat.java -Daether.dependencyCollector.impl=bf c:\Users\Muluye\.vscode\extensions\redhat.java-1.54.0-win32-x64\server\plugins\org.eclipse.equinox.launcher_1.7.100.v20251111-0406.jar -configuration c:\Users\Muluye\AppData\Roaming\Code\User\globalStorage\redhat.java\1.54.0\config_win -data c:\Users\Muluye\AppData\Roaming\Code\User\workspaceStorage\38303421cb79f784cbe837f3deaed696\redhat.java\jdt_ws --pipe=\\.\pipe\lsp-d3c60c23962f8d80d8eb6bc90eeb9a7c-sock

Host: Intel(R) Core(TM) i7-8650U CPU @ 1.90GHz, 8 cores, 15G,  Windows 11 , 64 bit Build 26100 (10.0.26100.8246)
Time: Thu Apr 30 16:06:10 2026 E. Africa Standard Time elapsed time: 0.097094 seconds (0d 0h 0m 0s)

---------------  T H R E A D  ---------------

Current thread (0x00000199ae5cfa60):  JavaThread "Unknown thread" [_thread_in_vm, id=28488, stack(0x0000006bdb800000,0x0000006bdb900000) (1024K)]

Stack: [0x0000006bdb800000,0x0000006bdb900000]
Native frames: (J=compiled Java code, j=interpreted, Vv=VM code, C=native code)
V  [jvm.dll+0x6d7a39]
V  [jvm.dll+0x8b4b26]
V  [jvm.dll+0x8b70de]
V  [jvm.dll+0x8b77c3]
V  [jvm.dll+0x284346]
V  [jvm.dll+0xc1277]
V  [jvm.dll+0x70bbd0]
V  [jvm.dll+0x70c73c]
V  [jvm.dll+0x6e65d3]
V  [jvm.dll+0x87f17c]
V  [jvm.dll+0x3c49fc]
V  [jvm.dll+0x867e6b]
V  [jvm.dll+0x457b31]
V  [jvm.dll+0x459721]
C  [jli.dll+0x52d0]
C  [ucrtbase.dll+0x37b0]
C  [KERNEL32.DLL+0x2e8d7]
C  [ntdll.dll+0x8c3fc]


---------------  P R O C E S S  ---------------

Threads class SMR info:
_java_thread_list=0x00000199ae5f8570, length=1, elements={
0x00000199ae5cfa60
}

Java Threads: ( => current thread )
=>0x00000199ae5cfa60 JavaThread "Unknown thread"             [_thread_in_vm, id=28488, stack(0x0000006bdb800000,0x0000006bdb900000) (1024K)]
Total: 1

Other Threads:
  0x00000199ae45bb20 WatcherThread "VM Periodic Task Thread"        [id=11896, stack(0x0000006bdba00000,0x0000006bdbb00000) (1024K)]
  0x00000199ae5ecc60 WorkerThread "GC Thread#0"                     [id=14272, stack(0x0000006bdb900000,0x0000006bdba00000) (1024K)]
Total: 2

Threads with active compile tasks:
Total: 0

VM state: not at safepoint (normal execution)

VM Mutex/Monitor currently owned by a thread: None

Heap address: 0x0000000080000000, size: 2048 MB, Compressed Oops mode: 32-bit

CDS archive(s) mapped at: [0x00000199c5000000-0x00000199c5ba0000-0x00000199c5ba0000), size 12189696, SharedBaseAddress: 0x00000199c5000000, ArchiveRelocationMode: 1.
Compressed class space mapped at: 0x00000199c6000000-0x0000019a06000000, reserved size: 1073741824
Narrow klass base: 0x00000199c5000000, Narrow klass shift: 0, Narrow klass range: 0x100000000

GC Precious Log:
 CardTable entry size: 512
 CPUs: 8 total, 8 available
 Memory: 16227M
 Large Page Support: Disabled
 NUMA Support: Disabled
 Compressed Oops: Enabled (32-bit)
 Alignments: Space 512K, Generation 512K, Heap 2M
 Heap Min Capacity: 100M
 Heap Initial Capacity: 100M
 Heap Max Capacity: 2G
 Pre-touch: Disabled
 Parallel Workers: 8

Heap:
 PSYoungGen      total 29696K, used 512K [0x00000000d5580000, 0x00000000d7680000, 0x0000000100000000)
  eden space 25600K, 2% used [0x00000000d5580000,0x00000000d5600020,0x00000000d6e80000)
  from space 4096K, 0% used [0x00000000d7280000,0x00000000d7280000,0x00000000d7680000)
  to   space 4096K, 0% used [0x00000000d6e80000,0x00000000d6e80000,0x00000000d7280000)
 ParOldGen       total 68608K, used 0K [0x0000000080000000, 0x0000000084300000, 0x00000000d5580000)
  object space 68608K, 0% used [0x0000000080000000,0x0000000080000000,0x0000000084300000)
 Metaspace       used 0K, committed 0K, reserved 1048576K
  class space    used 0K, committed 0K, reserved 1048576K

Card table byte_map: [0x00000199adf70000,0x00000199ae380000] _byte_map_base: 0x00000199adb70000

Marking Bits: (ParMarkBitMap*) 0x00007ff8bcca3450
 Begin Bits: [0x00000199c0a80000, 0x00000199c2a80000)
 End Bits:   [0x00000199c2a80000, 0x00000199c4a80000)

Polling page: 0x00000199ac3b0000

Metaspace:

Usage:
  Non-class:      0 bytes used.
      Class:      0 bytes used.
       Both:      0 bytes used.

Virtual space:
  Non-class space:        0 bytes reserved,       0 bytes (  ?%) committed,  0 nodes.
      Class space:        1.00 GB reserved,       0 bytes (  0%) committed,  1 nodes.
             Both:        1.00 GB reserved,       0 bytes (  0%) committed. 

Chunk freelists:
   Non-Class:  0 bytes
       Class:  16.00 MB
        Both:  16.00 MB

MaxMetaspaceSize: unlimited
CompressedClassSpaceSize: 1.00 GB
Initial GC threshold: 21.00 MB
Current GC threshold: 17179869184.00 GB
CDS: on
 - commit_granule_bytes: 65536.
 - commit_granule_words: 8192.
 - virtual_space_node_default_size: 8388608.
 - enlarge_chunks_in_place: 1.
 - use_allocation_guard: 0.


Internal statistics:

num_allocs_failed_limit: 0.
num_arena_births: 0.
num_arena_deaths: 0.
num_vsnodes_births: 1.
num_vsnodes_deaths: 0.
num_space_committed: 0.
num_space_uncommitted: 0.
num_chunks_returned_to_freelist: 0.
num_chunks_taken_from_freelist: 1.
num_chunk_merges: 0.
num_chunk_splits: 1.
num_chunks_enlarged: 0.
num_inconsistent_stats: 0.

CodeHeap 'non-profiled nmethods': size=120000Kb used=0Kb max_used=0Kb free=120000Kb
 bounds [0x00000199b92a0000, 0x00000199b9510000, 0x00000199c07d0000]
CodeHeap 'profiled nmethods': size=120000Kb used=0Kb max_used=0Kb free=120000Kb
 bounds [0x00000199b17d0000, 0x00000199b1a40000, 0x00000199b8d00000]
CodeHeap 'non-nmethods': size=5760Kb used=194Kb max_used=342Kb free=5565Kb
 bounds [0x00000199b8d00000, 0x00000199b8f70000, 0x00000199b92a0000]
CodeCache: size=245760Kb, used=194Kb, max_used=342Kb, free=245565Kb
 total_blobs=70, nmethods=0, adapters=48, full_count=0
Compilation: enabled, stopped_count=0, restarted_count=0

Compilation events (0 events):
No events

GC Heap History (0 events):
No events

Dll operation events (1 events):
Event: 0.028 Loaded shared library c:\Users\Muluye\.vscode\extensions\redhat.java-1.54.0-win32-x64\jre\21.0.10-win32-x86_64\bin\java.dll

Deoptimization events (0 events):
No events

Classes loaded (0 events):
No events

Classes unloaded (0 events):
No events

Classes redefined (0 events):
No events

Internal exceptions (0 events):
No events

ZGC Phase Switch (0 events):
No events

VM Operations (0 events):
No events

Memory protections (0 events):
No events

Nmethod flushes (0 events):
No events

Events (1 events):
Event: 0.065 Thread 0x00000199ae5cfa60 Thread added: 0x00000199ae5cfa60


Dynamic libraries:
0x00007ff74e7d0000 - 0x00007ff74e7de000 	c:\Users\Muluye\.vscode\extensions\redhat.java-1.54.0-win32-x64\jre\21.0.10-win32-x86_64\bin\java.exe
0x00007ff9b9ea0000 - 0x00007ff9ba107000 	C:\WINDOWS\SYSTEM32\ntdll.dll
0x00007ff9b8aa0000 - 0x00007ff9b8b69000 	C:\WINDOWS\System32\KERNEL32.DLL
0x00007ff9b7750000 - 0x00007ff9b7b44000 	C:\WINDOWS\System32\KERNELBASE.dll
0x00007ff9b6cd0000 - 0x00007ff9b6e1b000 	C:\WINDOWS\System32\ucrtbase.dll
0x00007ff980690000 - 0x00007ff9806ae000 	c:\Users\Muluye\.vscode\extensions\redhat.java-1.54.0-win32-x64\jre\21.0.10-win32-x86_64\bin\VCRUNTIME140.dll
0x00007ff981fb0000 - 0x00007ff981fc8000 	c:\Users\Muluye\.vscode\extensions\redhat.java-1.54.0-win32-x64\jre\21.0.10-win32-x86_64\bin\jli.dll
0x00007ff9b94f0000 - 0x00007ff9b96b5000 	C:\WINDOWS\System32\USER32.dll
0x00007ff99e4c0000 - 0x00007ff99e753000 	C:\WINDOWS\WinSxS\amd64_microsoft.windows.common-controls_6595b64144ccf1df_6.0.26100.8115_none_3e075c82e3354f9c\COMCTL32.dll
0x00007ff9b8490000 - 0x00007ff9b8539000 	C:\WINDOWS\System32\msvcrt.dll
0x00007ff9b7b50000 - 0x00007ff9b7b77000 	C:\WINDOWS\System32\win32u.dll
0x00007ff9b9e30000 - 0x00007ff9b9e5b000 	C:\WINDOWS\System32\GDI32.dll
0x00007ff9b6820000 - 0x00007ff9b694b000 	C:\WINDOWS\System32\gdi32full.dll
0x00007ff9b6770000 - 0x00007ff9b6813000 	C:\WINDOWS\System32\msvcp_win.dll
0x00007ff9b8c50000 - 0x00007ff9b8c82000 	C:\WINDOWS\System32\IMM32.DLL
0x00007ff999f30000 - 0x00007ff999f3c000 	c:\Users\Muluye\.vscode\extensions\redhat.java-1.54.0-win32-x64\jre\21.0.10-win32-x86_64\bin\vcruntime140_1.dll
0x00007ff974d20000 - 0x00007ff974dad000 	c:\Users\Muluye\.vscode\extensions\redhat.java-1.54.0-win32-x64\jre\21.0.10-win32-x86_64\bin\msvcp140.dll
0x00007ff8bbfe0000 - 0x00007ff8bcd81000 	c:\Users\Muluye\.vscode\extensions\redhat.java-1.54.0-win32-x64\jre\21.0.10-win32-x86_64\bin\server\jvm.dll
0x00007ff9b8d40000 - 0x00007ff9b8df6000 	C:\WINDOWS\System32\ADVAPI32.dll
0x00007ff9b8c90000 - 0x00007ff9b8d37000 	C:\WINDOWS\System32\sechost.dll
0x00007ff9b8240000 - 0x00007ff9b8358000 	C:\WINDOWS\System32\RPCRT4.dll
0x00007ff9b8690000 - 0x00007ff9b8710000 	C:\WINDOWS\System32\WS2_32.dll
0x00007ff9b65d0000 - 0x00007ff9b662e000 	C:\WINDOWS\SYSTEM32\POWRPROF.dll
0x00007ff9a36b0000 - 0x00007ff9a36e6000 	C:\WINDOWS\SYSTEM32\WINMM.dll
0x00007ff9a5280000 - 0x00007ff9a528b000 	C:\WINDOWS\SYSTEM32\VERSION.dll
0x00007ff9b65b0000 - 0x00007ff9b65c4000 	C:\WINDOWS\SYSTEM32\UMPDC.dll
0x00007ff9b54c0000 - 0x00007ff9b54db000 	C:\WINDOWS\SYSTEM32\kernel.appcore.dll
0x00007ff985940000 - 0x00007ff98594a000 	c:\Users\Muluye\.vscode\extensions\redhat.java-1.54.0-win32-x64\jre\21.0.10-win32-x86_64\bin\jimage.dll
0x00007ff9b46e0000 - 0x00007ff9b4922000 	C:\WINDOWS\SYSTEM32\DBGHELP.DLL
0x00007ff9b9150000 - 0x00007ff9b94d2000 	C:\WINDOWS\System32\combase.dll
0x00007ff9b8e00000 - 0x00007ff9b8ed8000 	C:\WINDOWS\System32\OLEAUT32.dll
0x00007ff99b7e0000 - 0x00007ff99b81b000 	C:\WINDOWS\SYSTEM32\dbgcore.DLL
0x00007ff9b7b80000 - 0x00007ff9b7c25000 	C:\WINDOWS\System32\bcryptPrimitives.dll
0x00007ff980c60000 - 0x00007ff980c6f000 	c:\Users\Muluye\.vscode\extensions\redhat.java-1.54.0-win32-x64\jre\21.0.10-win32-x86_64\bin\instrument.dll
0x00007ff97f6d0000 - 0x00007ff97f6f0000 	c:\Users\Muluye\.vscode\extensions\redhat.java-1.54.0-win32-x64\jre\21.0.10-win32-x86_64\bin\java.dll

JVMTI agents:
c:\Users\Muluye\.vscode\extensions\redhat.java-1.54.0-win32-x64\lombok\lombok-1.18.39-4050.jar path:none, loaded, not initialized, instrumentlib options:none

dbghelp: loaded successfully - version: 4.0.5 - missing functions: none
symbol engine: initialized successfully - sym options: 0x614 - pdb path: .;c:\Users\Muluye\.vscode\extensions\redhat.java-1.54.0-win32-x64\jre\21.0.10-win32-x86_64\bin;C:\WINDOWS\SYSTEM32;C:\WINDOWS\WinSxS\amd64_microsoft.windows.common-controls_6595b64144ccf1df_6.0.26100.8115_none_3e075c82e3354f9c;c:\Users\Muluye\.vscode\extensions\redhat.java-1.54.0-win32-x64\jre\21.0.10-win32-x86_64\bin\server

VM Arguments:
jvm_args: --add-modules=ALL-SYSTEM --add-opens=java.base/java.util=ALL-UNNAMED --add-opens=java.base/java.lang=ALL-UNNAMED --add-opens=java.base/sun.nio.fs=ALL-UNNAMED -Declipse.application=org.eclipse.jdt.ls.core.id1 -Dosgi.bundles.defaultStartLevel=4 -Declipse.product=org.eclipse.jdt.ls.core.product -Djava.import.generatesMetadataFilesAtProjectRoot=false -DDetectVMInstallationsJob.disabled=true -Dfile.encoding=utf8 -XX:+UseParallelGC -XX:GCTimeRatio=4 -XX:AdaptiveSizePolicyWeight=90 -Dsun.zip.disableMemoryMapping=true -Xmx2G -Xms100m -Xlog:disable -javaagent:c:\Users\Muluye\.vscode\extensions\redhat.java-1.54.0-win32-x64\lombok\lombok-1.18.39-4050.jar -XX:+HeapDumpOnOutOfMemoryError -XX:HeapDumpPath=c:\Users\Muluye\AppData\Roaming\Code\User\workspaceStorage\38303421cb79f784cbe837f3deaed696\redhat.java -Daether.dependencyCollector.impl=bf 
java_command: c:\Users\Muluye\.vscode\extensions\redhat.java-1.54.0-win32-x64\server\plugins\org.eclipse.equinox.launcher_1.7.100.v20251111-0406.jar -configuration c:\Users\Muluye\AppData\Roaming\Code\User\globalStorage\redhat.java\1.54.0\config_win -data c:\Users\Muluye\AppData\Roaming\Code\User\workspaceStorage\38303421cb79f784cbe837f3deaed696\redhat.java\jdt_ws --pipe=\\.\pipe\lsp-d3c60c23962f8d80d8eb6bc90eeb9a7c-sock
java_class_path (initial): c:\Users\Muluye\.vscode\extensions\redhat.java-1.54.0-win32-x64\server\plugins\org.eclipse.equinox.launcher_1.7.100.v20251111-0406.jar
Launcher Type: SUN_STANDARD

[Global flags]
    uintx AdaptiveSizePolicyWeight                 = 90                                        {product} {command line}
     intx CICompilerCount                          = 4                                         {product} {ergonomic}
    uintx GCTimeRatio                              = 4                                         {product} {command line}
     bool HeapDumpOnOutOfMemoryError               = true                                   {manageable} {command line}
    ccstr HeapDumpPath                             = c:\Users\Muluye\AppData\Roaming\Code\User\workspaceStorage\38303421cb79f784cbe837f3deaed696\redhat.java         {manageable} {command line}
   size_t InitialHeapSize                          = 104857600                                 {product} {command line}
   size_t MaxHeapSize                              = 2147483648                                {product} {command line}
   size_t MaxNewSize                               = 715653120                                 {product} {ergonomic}
   size_t MinHeapDeltaBytes                        = 524288                                    {product} {ergonomic}
   size_t MinHeapSize                              = 104857600                                 {product} {command line}
   size_t NewSize                                  = 34603008                                  {product} {ergonomic}
    uintx NonNMethodCodeHeapSize                   = 5839372                                {pd product} {ergonomic}
    uintx NonProfiledCodeHeapSize                  = 122909434                              {pd product} {ergonomic}
   size_t OldSize                                  = 70254592                                  {product} {ergonomic}
    uintx ProfiledCodeHeapSize                     = 122909434                              {pd product} {ergonomic}
    uintx ReservedCodeCacheSize                    = 251658240                              {pd product} {ergonomic}
     bool SegmentedCodeCache                       = true                                      {product} {ergonomic}
   size_t SoftMaxHeapSize                          = 2147483648                             {manageable} {ergonomic}
     bool UseCompressedOops                        = true                           {product lp64_product} {ergonomic}
     bool UseLargePagesIndividualAllocation        = false                                  {pd product} {ergonomic}
     bool UseParallelGC                            = true                                      {product} {command line}

Logging:
Log output configuration:
 #0: stdout all=off uptime,level,tags foldmultilines=false
 #1: stderr all=off uptime,level,tags foldmultilines=false

Release file:
<release file has not been read>
Environment Variables:
JAVA_HOME=C:\jdk-21.0.8
PATH=C:\Users\Muluye\AppData\Local\Programs\Microsoft VS Code;C:\app\Muluye\product\12.2.0\dbhome_1\bin;C:\Program Files (x86)\Common Files\Intel\Shared Libraries\redist\intel64\compiler;C:\jdk-21.0.8\bin;C:\Python312\Scripts\;C:\Python312\;C:\Program Files (x86)\Pervasive Software\PSQL\bin\;C:\WINDOWS\system32;C:\WINDOWS;C:\WINDOWS\System32\Wbem;C:\WINDOWS\System32\WindowsPowerShell\v1.0\;C:\WINDOWS\System32\OpenSSH\;C:\Program Files\nodejs\;C:\ProgramData\chocolatey\bin;C:\xampp\php;C:\ProgramData\ComposerSetup\bin;C:\Program Files\Git\cmd;C:\Program Files\MongoDB\Server\7.0\bin;C:\Program Files\Docker\Docker\resources\bin;C:\Program Files\MySQL\MySQL Server 8.0\bin;C:\Program Files\Void\bin;C:\Users\Muluye\Downloads\apache-maven-3.9.11\bin;C:\Program Files\cursor\resources\app\bin;C:\Program Files\Microsoft SQL Server\Client SDK\ODBC\170\Tools\Binn\;C:\Program Files\Microsoft SQL Server\150\Tools\Binn\;C:\Program Files\dotnet\;C:\Program Files (x86)\Microsoft SQL Server\170\Tools\Binn\;C:\Program Files\Microsoft SQL Server\170\Tools\Binn\;C:\Program Files\Microsoft SQL Server\Client SDK\ODBC\180\Tools\Binn\;C:\Program Files\Microsoft SQL Server\170\DTS\Binn\;C:\Program Files\MySQL\MySQL Shell 8.0\bin\;C:\Users\Muluye\AppData\Local\Microsoft\WindowsApps;C:\Users\Muluye\AppData\Roaming\npm;C:\Program Files\nodejs\;C:\Users\Muluye\AppData\Roaming\Composer\vendor\bin;C:\Program Files\mongosh\;C:\flutter\src\flutter\bin;C:\Users\Muluye\AppData\Local\Programs\Microsoft VS Code\bin;C:\Users\Muluye\AppData\Local\Programs\Qoder\bin;C:\Users\Muluye\AppData\Local\Programs\Windsurf\bin;C:\Users\Muluye\AppData\Local\Programs\Zed\bin;C:\Users\Muluye\AppData\Local\Programs\Antigravity\bin;C:\Users\Muluye\.dotnet\tools
USERNAME=Muluye
OS=Windows_NT
PROCESSOR_IDENTIFIER=Intel64 Family 6 Model 142 Stepping 10, GenuineIntel
TMP=C:\Users\Muluye\AppData\Local\Temp
TEMP=C:\Users\Muluye\AppData\Local\Temp




Periodic native trim disabled

---------------  S Y S T E M  ---------------

OS:
 Windows 11 , 64 bit Build 26100 (10.0.26100.8246)
OS uptime: 1 days 4:00 hours
Hyper-V role detected

CPU: total 8 (initial active 8) (4 cores per cpu, 2 threads per core) family 6 model 142 stepping 10 microcode 0xf6, cx8, cmov, fxsr, ht, mmx, 3dnowpref, sse, sse2, sse3, ssse3, sse4.1, sse4.2, popcnt, lzcnt, tsc, tscinvbit, avx, avx2, aes, erms, clmul, bmi1, bmi2, rtm, adx, fma, vzeroupper, clflush, clflushopt, hv, rdtscp, f16c
Processor Information for the first 8 processors :
  Max Mhz: 2112, Current Mhz: 1609, Mhz Limit: 1900

Memory: 4k page, system-wide physical 16227M (2297M free)
TotalPageFile size 27972M (AvailPageFile size 0M)
current process WorkingSet (physical memory assigned to process): 26M, peak: 26M
current process commit charge ("private bytes"): 204M, peak: 205M

vm_info: OpenJDK 64-Bit Server VM (21.0.10+7-LTS) for windows-amd64 JRE (21.0.10+7-LTS), built on 2026-01-20T00:00:00Z by "admin" with MS VC++ 17.12 (VS2022)

END.
